# JRE version: OpenJDK Runtime Environment OpenLogic-OpenJDK (17.0.9+9) (build 17.0.9+9-adhoc..jdk17u)
# Java VM: OpenJDK 64-Bit Server VM OpenLogic-OpenJDK (17.0.9+9-adhoc..jdk17u, mixed mode, sharing, tiered, compressed oops, compressed class ptrs, g1 gc, windows-amd64)
GC Precious Log:
 CPUs: 4 total, 4 available
 Memory: 6052M
 Large Page Support: Disabled
 NUMA Support: Disabled
 Compressed Oops: Enabled (32-bit)
 Heap Region Size: 1M
 Heap Min Capacity: 8M
 Heap Initial Capacity: 96M
 Heap Max Capacity: 2G
 Pre-touch: Disabled
 Parallel Workers: 4
 Concurrent Workers: 1
 Concurrent Refinement Workers: 4
 Periodic GC: Disabled
Heap:
 garbage-first heap   total 312320K, used 206881K [0x0000000080000000, 0x0000000100000000)
  region size 1024K, 29 young (29696K), 9 survivors (9216K)
 Metaspace       used 107857K, committed 108928K, reserved 557056K
  class space    used 15101K, committed 15616K, reserved 425984K
GC Heap History (20 events):
Event: 53.198 GC heap before
{Heap before GC invocations=44 (full 0):
 garbage-first heap   total 221184K, used 166634K [0x0000000080000000, 0x0000000100000000)
  region size 1024K, 77 young (78848K), 8 survivors (8192K)
 Metaspace       used 91022K, committed 91840K, reserved 557056K
  class space    used 12855K, committed 13248K, reserved 425984K
}
Event: 53.219 GC heap after
{Heap after GC invocations=45 (full 0):
 garbage-first heap   total 221184K, used 99124K [0x0000000080000000, 0x0000000100000000)
  region size 1024K, 7 young (7168K), 7 survivors (7168K)
 Metaspace       used 91022K, committed 91840K, reserved 557056K
  class space    used 12855K, committed 13248K, reserved 425984K
}
Event: 55.637 GC heap before
{Heap before GC invocations=45 (full 0):
 garbage-first heap   total 221184K, used 176948K [0x0000000080000000, 0x0000000100000000)
  region size 1024K, 79 young (80896K), 7 survivors (7168K)
 Metaspace       used 93063K, committed 93952K, reserved 557056K
  class space    used 13087K, committed 13504K, reserved 425984K
}
Event: 55.663 GC heap after
{Heap after GC invocations=46 (full 0):
 garbage-first heap   total 221184K, used 113420K [0x0000000080000000, 0x0000000100000000)
  region size 1024K, 10 young (10240K), 10 survivors (10240K)
 Metaspace       used 93063K, committed 93952K, reserved 557056K
  class space    used 13087K, committed 13504K, reserved 425984K
}
Event: 57.585 GC heap before
{Heap before GC invocations=46 (full 0):
 garbage-first heap   total 221184K, used 176908K [0x0000000080000000, 0x0000000100000000)
  region size 1024K, 69 young (70656K), 10 survivors (10240K)
 Metaspace       used 94771K, committed 95680K, reserved 557056K
  class space    used 13370K, committed 13824K, reserved 425984K
}
Event: 57.613 GC heap after
{Heap after GC invocations=47 (full 0):
 garbage-first heap   total 221184K, used 126794K [0x0000000080000000, 0x0000000100000000)
  region size 1024K, 9 young (9216K), 9 survivors (9216K)
 Metaspace       used 94771K, committed 95680K, reserved 557056K
  class space    used 13370K, committed 13824K, reserved 425984K
}
Event: 59.069 GC heap before
{Heap before GC invocations=47 (full 0):
 garbage-first heap   total 221184K, used 176970K [0x0000000080000000, 0x0000000100000000)
  region size 1024K, 58 young (59392K), 9 survivors (9216K)
 Metaspace       used 97306K, committed 98240K, reserved 557056K
  class space    used 13713K, committed 14144K, reserved 425984K
}
Event: 59.105 GC heap after
{Heap after GC invocations=48 (full 0):
 garbage-first heap   total 221184K, used 133800K [0x0000000080000000, 0x0000000100000000)
  region size 1024K, 6 young (6144K), 6 survivors (6144K)
 Metaspace       used 97306K, committed 98240K, reserved 557056K
  class space    used 13713K, committed 14144K, reserved 425984K
}
Event: 60.168 GC heap before
{Heap before GC invocations=48 (full 0):
 garbage-first heap   total 221184K, used 179880K [0x0000000080000000, 0x0000000100000000)
  region size 1024K, 51 young (52224K), 6 survivors (6144K)
 Metaspace       used 99574K, committed 100544K, reserved 557056K
  class space    used 14066K, committed 14528K, reserved 425984K
}
Event: 60.186 GC heap after
{Heap after GC invocations=49 (full 0):
 garbage-first heap   total 221184K, used 136225K [0x0000000080000000, 0x0000000100000000)
  region size 1024K, 3 young (3072K), 3 survivors (3072K)
 Metaspace       used 99574K, committed 100544K, reserved 557056K
  class space    used 14066K, committed 14528K, reserved 425984K
}
Event: 61.200 GC heap before
{Heap before GC invocations=49 (full 0):
 garbage-first heap   total 221184K, used 181281K [0x0000000080000000, 0x0000000100000000)
  region size 1024K, 47 young (48128K), 3 survivors (3072K)
 Metaspace       used 100914K, committed 101888K, reserved 557056K
  class space    used 14242K, committed 14720K, reserved 425984K
}
Event: 61.219 GC heap after
{Heap after GC invocations=50 (full 0):
 garbage-first heap   total 221184K, used 141663K [0x0000000080000000, 0x0000000100000000)
  region size 1024K, 6 young (6144K), 6 survivors (6144K)
 Metaspace       used 100914K, committed 101888K, reserved 557056K
  class space    used 14242K, committed 14720K, reserved 425984K
}
Event: 61.876 GC heap before
{Heap before GC invocations=50 (full 0):
 garbage-first heap   total 221184K, used 182623K [0x0000000080000000, 0x0000000100000000)
  region size 1024K, 46 young (47104K), 6 survivors (6144K)
 Metaspace       used 101110K, committed 102080K, reserved 557056K
  class space    used 14263K, committed 14720K, reserved 425984K
}
Event: 61.906 GC heap after
{Heap after GC invocations=51 (full 0):
 garbage-first heap   total 312320K, used 148906K [0x0000000080000000, 0x0000000100000000)
  region size 1024K, 6 young (6144K), 6 survivors (6144K)
 Metaspace       used 101110K, committed 102080K, reserved 557056K
  class space    used 14263K, committed 14720K, reserved 425984K
}
Event: 64.915 GC heap before
{Heap before GC invocations=51 (full 0):
 garbage-first heap   total 312320K, used 241066K [0x0000000080000000, 0x0000000100000000)
  region size 1024K, 95 young (97280K), 6 survivors (6144K)
 Metaspace       used 101870K, committed 102912K, reserved 557056K
  class space    used 14341K, committed 14848K, reserved 425984K
}
Event: 64.958 GC heap after
{Heap after GC invocations=52 (full 0):
 garbage-first heap   total 312320K, used 167612K [0x0000000080000000, 0x0000000100000000)
  region size 1024K, 12 young (12288K), 12 survivors (12288K)
 Metaspace       used 101870K, committed 102912K, reserved 557056K
  class space    used 14341K, committed 14848K, reserved 425984K
}
Event: 67.569 GC heap before
{Heap before GC invocations=52 (full 0):
 garbage-first heap   total 312320K, used 245436K [0x0000000080000000, 0x0000000100000000)
  region size 1024K, 87 young (89088K), 12 survivors (12288K)
 Metaspace       used 106508K, committed 107584K, reserved 557056K
  class space    used 14971K, committed 15488K, reserved 425984K
}
Event: 67.605 GC heap after
{Heap after GC invocations=53 (full 0):
 garbage-first heap   total 312320K, used 178770K [0x0000000080000000, 0x0000000100000000)
  region size 1024K, 9 young (9216K), 9 survivors (9216K)
 Metaspace       used 106508K, committed 107584K, reserved 557056K
  class space    used 14971K, committed 15488K, reserved 425984K
}
Event: 70.054 GC heap before
{Heap before GC invocations=53 (full 0):
 garbage-first heap   total 312320K, used 249426K [0x0000000080000000, 0x0000000100000000)
  region size 1024K, 78 young (79872K), 9 survivors (9216K)
 Metaspace       used 107693K, committed 108800K, reserved 557056K
  class space    used 15087K, committed 15616K, reserved 425984K
}
Event: 70.103 GC heap after
{Heap after GC invocations=54 (full 0):
 garbage-first heap   total 312320K, used 187425K [0x0000000080000000, 0x0000000100000000)
  region size 1024K, 9 young (9216K), 9 survivors (9216K)
 Metaspace       used 107693K, committed 108800K, reserved 557056K
  class space    used 15087K, committed 15616K, reserved 425984K
}

