# JRE version: OpenJDK Runtime Environment OpenLogic-OpenJDK (17.0.9+9) (build 17.0.9+9-adhoc..jdk17u)
# Java VM: OpenJDK 64-Bit Server VM OpenLogic-OpenJDK (17.0.9+9-adhoc..jdk17u, mixed mode, sharing, tiered, compressed oops, compressed class ptrs, g1 gc, windows-amd64)
GC Precious Log:
 CPUs: 4 total, 4 available
 Memory: 6052M
 Large Page Support: Disabled
 NUMA Support: Disabled
 Compressed Oops: Enabled (32-bit)
 Heap Region Size: 1M
 Heap Min Capacity: 8M
 Heap Initial Capacity: 96M
 Heap Max Capacity: 2G
 Pre-touch: Disabled
 Parallel Workers: 4
 Concurrent Workers: 1
 Concurrent Refinement Workers: 4
 Periodic GC: Disabled
Heap:
 garbage-first heap   total 193536K, used 154776K [0x0000000080000000, 0x0000000100000000)
  region size 1024K, 12 young (12288K), 3 survivors (3072K)
 Metaspace       used 114288K, committed 115264K, reserved 557056K
  class space    used 15860K, committed 16320K, reserved 425984K
GC Heap History (20 events):
Event: 89.425 GC heap before
{Heap before GC invocations=41 (full 0):
 garbage-first heap   total 193536K, used 157796K [0x0000000080000000, 0x0000000100000000)
  region size 1024K, 60 young (61440K), 7 survivors (7168K)
 Metaspace       used 101339K, committed 102144K, reserved 557056K
  class space    used 14032K, committed 14400K, reserved 425984K
}
Event: 89.479 GC heap after
{Heap after GC invocations=42 (full 0):
 garbage-first heap   total 193536K, used 105457K [0x0000000080000000, 0x0000000100000000)
  region size 1024K, 5 young (5120K), 5 survivors (5120K)
 Metaspace       used 101339K, committed 102144K, reserved 557056K
  class space    used 14032K, committed 14400K, reserved 425984K
}
Event: 91.938 GC heap before
{Heap before GC invocations=42 (full 0):
 garbage-first heap   total 193536K, used 159729K [0x0000000080000000, 0x0000000100000000)
  region size 1024K, 58 young (59392K), 5 survivors (5120K)
 Metaspace       used 104885K, committed 105728K, reserved 557056K
  class space    used 14544K, committed 14912K, reserved 425984K
}
Event: 91.954 GC heap after
{Heap after GC invocations=43 (full 0):
 garbage-first heap   total 193536K, used 108694K [0x0000000080000000, 0x0000000100000000)
  region size 1024K, 5 young (5120K), 5 survivors (5120K)
 Metaspace       used 104885K, committed 105728K, reserved 557056K
  class space    used 14544K, committed 14912K, reserved 425984K
}
Event: 94.042 GC heap before
{Heap before GC invocations=43 (full 0):
 garbage-first heap   total 193536K, used 160918K [0x0000000080000000, 0x0000000100000000)
  region size 1024K, 56 young (57344K), 5 survivors (5120K)
 Metaspace       used 106174K, committed 107072K, reserved 557056K
  class space    used 14678K, committed 15104K, reserved 425984K
}
Event: 94.062 GC heap after
{Heap after GC invocations=44 (full 0):
 garbage-first heap   total 193536K, used 113054K [0x0000000080000000, 0x0000000100000000)
  region size 1024K, 7 young (7168K), 7 survivors (7168K)
 Metaspace       used 106174K, committed 107072K, reserved 557056K
  class space    used 14678K, committed 15104K, reserved 425984K
}
Event: 96.074 GC heap before
{Heap before GC invocations=44 (full 0):
 garbage-first heap   total 193536K, used 165278K [0x0000000080000000, 0x0000000100000000)
  region size 1024K, 54 young (55296K), 7 survivors (7168K)
 Metaspace       used 108010K, committed 108864K, reserved 557056K
  class space    used 14977K, committed 15360K, reserved 425984K
}
Event: 96.103 GC heap after
{Heap after GC invocations=45 (full 0):
 garbage-first heap   total 193536K, used 128009K [0x0000000080000000, 0x0000000100000000)
  region size 1024K, 7 young (7168K), 7 survivors (7168K)
 Metaspace       used 108010K, committed 108864K, reserved 557056K
  class space    used 14977K, committed 15360K, reserved 425984K
}
Event: 99.017 GC heap before
{Heap before GC invocations=45 (full 0):
 garbage-first heap   total 193536K, used 163849K [0x0000000080000000, 0x0000000100000000)
  region size 1024K, 40 young (40960K), 7 survivors (7168K)
 Metaspace       used 108546K, committed 109504K, reserved 557056K
  class space    used 15068K, committed 15488K, reserved 425984K
}
Event: 99.064 GC heap after
{Heap after GC invocations=46 (full 0):
 garbage-first heap   total 193536K, used 137016K [0x0000000080000000, 0x0000000100000000)
  region size 1024K, 5 young (5120K), 5 survivors (5120K)
 Metaspace       used 108546K, committed 109504K, reserved 557056K
  class space    used 15068K, committed 15488K, reserved 425984K
}
Event: 100.547 GC heap before
{Heap before GC invocations=46 (full 0):
 garbage-first heap   total 193536K, used 161592K [0x0000000080000000, 0x0000000100000000)
  region size 1024K, 30 young (30720K), 5 survivors (5120K)
 Metaspace       used 109534K, committed 110464K, reserved 557056K
  class space    used 15208K, committed 15616K, reserved 425984K
}
Event: 100.564 GC heap after
{Heap after GC invocations=47 (full 0):
 garbage-first heap   total 193536K, used 141529K [0x0000000080000000, 0x0000000100000000)
  region size 1024K, 4 young (4096K), 4 survivors (4096K)
 Metaspace       used 109534K, committed 110464K, reserved 557056K
  class space    used 15208K, committed 15616K, reserved 425984K
}
Event: 101.751 GC heap before
{Heap before GC invocations=47 (full 0):
 garbage-first heap   total 193536K, used 163033K [0x0000000080000000, 0x0000000100000000)
  region size 1024K, 25 young (25600K), 4 survivors (4096K)
 Metaspace       used 110901K, committed 111872K, reserved 557056K
  class space    used 15364K, committed 15808K, reserved 425984K
}
Event: 101.764 GC heap after
{Heap after GC invocations=48 (full 0):
 garbage-first heap   total 193536K, used 142916K [0x0000000080000000, 0x0000000100000000)
  region size 1024K, 2 young (2048K), 2 survivors (2048K)
 Metaspace       used 110901K, committed 111872K, reserved 557056K
  class space    used 15364K, committed 15808K, reserved 425984K
}
Event: 102.746 GC heap before
{Heap before GC invocations=48 (full 0):
 garbage-first heap   total 193536K, used 164420K [0x0000000080000000, 0x0000000100000000)
  region size 1024K, 23 young (23552K), 2 survivors (2048K)
 Metaspace       used 112029K, committed 113024K, reserved 557056K
  class space    used 15546K, committed 16000K, reserved 425984K
}
Event: 102.755 GC heap after
{Heap after GC invocations=49 (full 0):
 garbage-first heap   total 193536K, used 143532K [0x0000000080000000, 0x0000000100000000)
  region size 1024K, 2 young (2048K), 2 survivors (2048K)
 Metaspace       used 112029K, committed 113024K, reserved 557056K
  class space    used 15546K, committed 16000K, reserved 425984K
}
Event: 103.331 GC heap before
{Heap before GC invocations=49 (full 0):
 garbage-first heap   total 193536K, used 166060K [0x0000000080000000, 0x0000000100000000)
  region size 1024K, 24 young (24576K), 2 survivors (2048K)
 Metaspace       used 113063K, committed 113984K, reserved 557056K
  class space    used 15694K, committed 16128K, reserved 425984K
}
Event: 103.344 GC heap after
{Heap after GC invocations=50 (full 0):
 garbage-first heap   total 193536K, used 144829K [0x0000000080000000, 0x0000000100000000)
  region size 1024K, 3 young (3072K), 3 survivors (3072K)
 Metaspace       used 113063K, committed 113984K, reserved 557056K
  class space    used 15694K, committed 16128K, reserved 425984K
}
Event: 105.541 GC heap before
{Heap before GC invocations=50 (full 0):
 garbage-first heap   total 193536K, used 166333K [0x0000000080000000, 0x0000000100000000)
  region size 1024K, 24 young (24576K), 3 survivors (3072K)
 Metaspace       used 114186K, committed 115136K, reserved 557056K
  class space    used 15849K, committed 16256K, reserved 425984K
}
Event: 105.571 GC heap after
{Heap after GC invocations=51 (full 0):
 garbage-first heap   total 193536K, used 146584K [0x0000000080000000, 0x0000000100000000)
  region size 1024K, 3 young (3072K), 3 survivors (3072K)
 Metaspace       used 114186K, committed 115136K, reserved 557056K
  class space    used 15849K, committed 16256K, reserved 425984K
}

